<?xml version="1.0" encoding="UTF-8"?>
<testng-results skipped="0" failed="0" ignored="0" total="1" passed="1">
  <reporter-output>
  </reporter-output>
  <suite name="Default suite" duration-ms="23951" started-at="2019-12-16T20:12:56 IST" finished-at="2019-12-16T20:13:20 IST">
    <groups>
    </groups>
    <test name="Default test" duration-ms="23951" started-at="2019-12-16T20:12:56 IST" finished-at="2019-12-16T20:13:20 IST">
      <class name="com.atmecs.testscript.HomePageValidation">
        <test-method status="PASS" signature="getDriver()[pri:0, instance:com.atmecs.testscript.HomePageValidation@306cf3ea]" name="getDriver" is-config="true" duration-ms="7457" started-at="2019-12-16T20:12:56 IST" finished-at="2019-12-16T20:13:04 IST">
          <reporter-output>
          </reporter-output>
        </test-method> <!-- getDriver -->
        <test-method status="PASS" signature="login()[pri:0, instance:com.atmecs.testscript.HomePageValidation@306cf3ea]" name="login" is-config="true" duration-ms="13833" started-at="2019-12-16T20:13:04 IST" finished-at="2019-12-16T20:13:18 IST">
          <reporter-output>
          </reporter-output>
        </test-method> <!-- login -->
        <test-method status="PASS" signature="enteringDetails()[pri:0, instance:com.atmecs.testscript.HomePageValidation@306cf3ea]" name="enteringDetails" duration-ms="149" started-at="2019-12-16T20:13:18 IST" finished-at="2019-12-16T20:13:18 IST">
          <reporter-output>
          </reporter-output>
        </test-method> <!-- enteringDetails -->
        <test-method status="PASS" signature="logout()[pri:0, instance:com.atmecs.testscript.HomePageValidation@306cf3ea]" name="logout" is-config="true" duration-ms="1987" started-at="2019-12-16T20:13:18 IST" finished-at="2019-12-16T20:13:20 IST">
          <reporter-output>
          </reporter-output>
        </test-method> <!-- logout -->
        <test-method status="PASS" signature="closeBrowser()[pri:0, instance:com.atmecs.testscript.HomePageValidation@306cf3ea]" name="closeBrowser" is-config="true" duration-ms="452" started-at="2019-12-16T20:13:20 IST" finished-at="2019-12-16T20:13:20 IST">
          <reporter-output>
          </reporter-output>
        </test-method> <!-- closeBrowser -->
      </class> <!-- com.atmecs.testscript.HomePageValidation -->
    </test> <!-- Default test -->
  </suite> <!-- Default suite -->
</testng-results>
